<?xml version="1.0" encoding="UTF-8"?>
<testng-results ignored="0" total="4" passed="4" failed="0" skipped="0">
  <reporter-output>
  </reporter-output>
  <suite started-at="2025-04-01T12:15:52 IST" name="Suite" finished-at="2025-04-01T12:16:26 IST" duration-ms="34073">
    <groups>
      <group name="smoke">
        <method signature="LoginTest.verifyUserLoginWithValidCredentials()[pri:1, instance:testScript.LoginTest@7ce69770]" name="verifyUserLoginWithValidCredentials" class="testScript.LoginTest"/>
        <method signature="LoginTest.verifyUserLoginWithValidUsernameAndInvalidPassword()[pri:2, instance:testScript.LoginTest@7ce69770]" name="verifyUserLoginWithValidUsernameAndInvalidPassword" class="testScript.LoginTest"/>
        <method signature="LoginTest.verifyUserLoginWithInvalidUsernameAndValidPassword()[pri:3, instance:testScript.LoginTest@7ce69770]" name="verifyUserLoginWithInvalidUsernameAndValidPassword" class="testScript.LoginTest"/>
        <method signature="LoginTest.verifyUserLoginWithInvalidCredentials()[pri:4, instance:testScript.LoginTest@7ce69770]" name="verifyUserLoginWithInvalidCredentials" class="testScript.LoginTest"/>
      </group> <!-- smoke -->
    </groups>
    <test started-at="2025-04-01T12:15:52 IST" name="Test" finished-at="2025-04-01T12:16:26 IST" duration-ms="34073">
      <class name="testScript.LoginTest">
        <test-method is-config="true" signature="initialiseBrowser(java.lang.String)[pri:0, instance:testScript.LoginTest@7ce69770]" started-at="2025-04-01T12:15:52 IST" name="initialiseBrowser" finished-at="2025-04-01T12:16:00 IST" duration-ms="7941" status="PASS">
          <params>
            <param index="0">
              <value>
                <![CDATA[firefox]]>
              </value>
            </param>
          </params>
          <reporter-output>
          </reporter-output>
        </test-method> <!-- initialiseBrowser -->
        <test-method signature="verifyUserLoginWithValidCredentials()[pri:1, instance:testScript.LoginTest@7ce69770]" started-at="2025-04-01T12:16:00 IST" name="verifyUserLoginWithValidCredentials" description="whether user  is able to login successfully with valid credentials" finished-at="2025-04-01T12:16:02 IST" duration-ms="1983" status="PASS">
          <reporter-output>
          </reporter-output>
        </test-method> <!-- verifyUserLoginWithValidCredentials -->
        <test-method is-config="true" signature="driverQuit(org.testng.ITestResult)[pri:0, instance:testScript.LoginTest@7ce69770]" started-at="2025-04-01T12:16:02 IST" name="driverQuit" finished-at="2025-04-01T12:16:02 IST" duration-ms="1" status="PASS">
          <params>
            <param index="0">
              <value>
                <![CDATA[[TestResult name=verifyUserLoginWithValidCredentials status=SUCCESS method=LoginTest.verifyUserLoginWithValidCredentials()[pri:1, instance:testScript.LoginTest@7ce69770] output={null}]]]>
              </value>
            </param>
          </params>
          <reporter-output>
          </reporter-output>
        </test-method> <!-- driverQuit -->
        <test-method is-config="true" signature="initialiseBrowser(java.lang.String)[pri:0, instance:testScript.LoginTest@7ce69770]" started-at="2025-04-01T12:16:02 IST" name="initialiseBrowser" finished-at="2025-04-01T12:16:10 IST" duration-ms="8573" status="PASS">
          <params>
            <param index="0">
              <value>
                <![CDATA[firefox]]>
              </value>
            </param>
          </params>
          <reporter-output>
          </reporter-output>
        </test-method> <!-- initialiseBrowser -->
        <test-method signature="verifyUserLoginWithValidUsernameAndInvalidPassword()[pri:2, instance:testScript.LoginTest@7ce69770]" started-at="2025-04-01T12:16:10 IST" name="verifyUserLoginWithValidUsernameAndInvalidPassword" description="whether user  is able to login successfully with valid username and invalid password" finished-at="2025-04-01T12:16:11 IST" duration-ms="809" status="PASS">
          <reporter-output>
          </reporter-output>
        </test-method> <!-- verifyUserLoginWithValidUsernameAndInvalidPassword -->
        <test-method is-config="true" signature="driverQuit(org.testng.ITestResult)[pri:0, instance:testScript.LoginTest@7ce69770]" started-at="2025-04-01T12:16:11 IST" name="driverQuit" finished-at="2025-04-01T12:16:11 IST" duration-ms="1" status="PASS">
          <params>
            <param index="0">
              <value>
                <![CDATA[[TestResult name=verifyUserLoginWithValidUsernameAndInvalidPassword status=SUCCESS method=LoginTest.verifyUserLoginWithValidUsernameAndInvalidPassword()[pri:2, instance:testScript.LoginTest@7ce69770] output={null}]]]>
              </value>
            </param>
          </params>
          <reporter-output>
          </reporter-output>
        </test-method> <!-- driverQuit -->
        <test-method is-config="true" signature="initialiseBrowser(java.lang.String)[pri:0, instance:testScript.LoginTest@7ce69770]" started-at="2025-04-01T12:16:11 IST" name="initialiseBrowser" finished-at="2025-04-01T12:16:18 IST" duration-ms="6799" status="PASS">
          <params>
            <param index="0">
              <value>
                <![CDATA[firefox]]>
              </value>
            </param>
          </params>
          <reporter-output>
          </reporter-output>
        </test-method> <!-- initialiseBrowser -->
        <test-method signature="verifyUserLoginWithInvalidUsernameAndValidPassword()[pri:3, instance:testScript.LoginTest@7ce69770]" started-at="2025-04-01T12:16:18 IST" name="verifyUserLoginWithInvalidUsernameAndValidPassword" description="whether user  is able to login with invalid username and valid password" finished-at="2025-04-01T12:16:19 IST" duration-ms="746" status="PASS">
          <reporter-output>
          </reporter-output>
        </test-method> <!-- verifyUserLoginWithInvalidUsernameAndValidPassword -->
        <test-method is-config="true" signature="driverQuit(org.testng.ITestResult)[pri:0, instance:testScript.LoginTest@7ce69770]" started-at="2025-04-01T12:16:19 IST" name="driverQuit" finished-at="2025-04-01T12:16:19 IST" duration-ms="0" status="PASS">
          <params>
            <param index="0">
              <value>
                <![CDATA[[TestResult name=verifyUserLoginWithInvalidUsernameAndValidPassword status=SUCCESS method=LoginTest.verifyUserLoginWithInvalidUsernameAndValidPassword()[pri:3, instance:testScript.LoginTest@7ce69770] output={null}]]]>
              </value>
            </param>
          </params>
          <reporter-output>
          </reporter-output>
        </test-method> <!-- driverQuit -->
        <test-method is-config="true" signature="initialiseBrowser(java.lang.String)[pri:0, instance:testScript.LoginTest@7ce69770]" started-at="2025-04-01T12:16:19 IST" name="initialiseBrowser" finished-at="2025-04-01T12:16:25 IST" duration-ms="6477" status="PASS">
          <params>
            <param index="0">
              <value>
                <![CDATA[firefox]]>
              </value>
            </param>
          </params>
          <reporter-output>
          </reporter-output>
        </test-method> <!-- initialiseBrowser -->
        <test-method signature="verifyUserLoginWithInvalidCredentials()[pri:4, instance:testScript.LoginTest@7ce69770]" started-at="2025-04-01T12:16:25 IST" name="verifyUserLoginWithInvalidCredentials" description="whether user  is able to login with invalid credentials" finished-at="2025-04-01T12:16:26 IST" duration-ms="662" status="PASS">
          <reporter-output>
          </reporter-output>
        </test-method> <!-- verifyUserLoginWithInvalidCredentials -->
        <test-method is-config="true" signature="driverQuit(org.testng.ITestResult)[pri:0, instance:testScript.LoginTest@7ce69770]" started-at="2025-04-01T12:16:26 IST" name="driverQuit" finished-at="2025-04-01T12:16:26 IST" duration-ms="0" status="PASS">
          <params>
            <param index="0">
              <value>
                <![CDATA[[TestResult name=verifyUserLoginWithInvalidCredentials status=SUCCESS method=LoginTest.verifyUserLoginWithInvalidCredentials()[pri:4, instance:testScript.LoginTest@7ce69770] output={null}]]]>
              </value>
            </param>
          </params>
          <reporter-output>
          </reporter-output>
        </test-method> <!-- driverQuit -->
      </class> <!-- testScript.LoginTest -->
    </test> <!-- Test -->
  </suite> <!-- Suite -->
</testng-results>
