<?xml version="1.0" encoding="UTF-8"?>
<!-- Generated by org.testng.reporters.JUnitXMLReporter -->
<testsuite ignored="2" hostname="REHNA_NAZEER" failures="0" tests="0" time="0.004" errors="0" timestamp="2025-04-01T12:12:15 IST">
  <testcase classname="testScript.HomeTest" name="verifyUserIsAbleToClickAdminButton" time="0.0">
    <ignored/>
  </testcase> <!-- verifyUserIsAbleToClickAdminButton -->
  <testcase classname="testScript.HomeTest" name="verifyUserIsAbleToClickLogoutButton" time="0.0">
    <ignored/>
  </testcase> <!-- verifyUserIsAbleToClickLogoutButton -->
</testsuite>
