<?xml version="1.0" encoding="UTF-8"?>
<!-- Generated by org.testng.reporters.JUnitXMLReporter -->
<testsuite ignored="3" hostname="REHNA_NAZEER" failures="0" tests="1" name="Test1" time="5.55" errors="0" timestamp="2025-04-01T12:12:15 IST">
  <testcase classname="testScript.LoginTest" name="verifyUserLoginWithValidUsernameAndInvalidPassword" time="1.663"/>
  <testcase classname="testScript.LoginTest" name="verifyUserLoginWithInvalidUsernameAndValidPassword" time="0.0">
    <ignored/>
  </testcase> <!-- verifyUserLoginWithInvalidUsernameAndValidPassword -->
  <testcase classname="testScript.LoginTest" name="verifyUserLoginWithInvalidCredentials" time="0.0">
    <ignored/>
  </testcase> <!-- verifyUserLoginWithInvalidCredentials -->
  <testcase classname="testScript.LoginTest" name="verifyUserLoginWithValidCredentials" time="0.0">
    <ignored/>
  </testcase> <!-- verifyUserLoginWithValidCredentials -->
</testsuite> <!-- Test1 -->
