<?xml version="1.0" encoding="UTF-8"?>
<testng-results ignored="0" total="2" passed="2" failed="0" skipped="0">
  <reporter-output>
  </reporter-output>
  <suite started-at="2025-04-01T12:12:54 IST" name="Parallel Testing" finished-at="2025-04-01T12:13:05 IST" duration-ms="10426">
    <groups>
    </groups>
    <test started-at="2025-04-01T12:12:54 IST" name="Test2" finished-at="2025-04-01T12:12:54 IST" duration-ms="14">
    </test> <!-- Test2 -->
    <test started-at="2025-04-01T12:12:54 IST" name="Test1" finished-at="2025-04-01T12:13:05 IST" duration-ms="10426">
      <class name="testScript.HomeTest">
        <test-method is-config="true" signature="initialiseBrowser(java.lang.String)[pri:0, instance:testScript.HomeTest@4802796d]" started-at="2025-04-01T12:12:54 IST" name="initialiseBrowser" finished-at="2025-04-01T12:12:58 IST" duration-ms="3746" status="PASS">
          <params>
            <param index="0">
              <value>
                <![CDATA[chrome]]>
              </value>
            </param>
          </params>
          <reporter-output>
          </reporter-output>
        </test-method> <!-- initialiseBrowser -->
        <test-method signature="verifyUserIsAbleToClickAdminButton()[pri:0, instance:testScript.HomeTest@4802796d]" started-at="2025-04-01T12:12:58 IST" name="verifyUserIsAbleToClickAdminButton" description="whether user  is successfully able to logout from the home page" finished-at="2025-04-01T12:13:00 IST" duration-ms="1716" status="PASS">
          <reporter-output>
          </reporter-output>
        </test-method> <!-- verifyUserIsAbleToClickAdminButton -->
        <test-method is-config="true" signature="driverQuit(org.testng.ITestResult)[pri:0, instance:testScript.HomeTest@4802796d]" started-at="2025-04-01T12:13:00 IST" name="driverQuit" finished-at="2025-04-01T12:13:00 IST" duration-ms="5" status="PASS">
          <params>
            <param index="0">
              <value>
                <![CDATA[[TestResult name=verifyUserIsAbleToClickAdminButton status=SUCCESS method=HomeTest.verifyUserIsAbleToClickAdminButton()[pri:0, instance:testScript.HomeTest@4802796d] output={null}]]]>
              </value>
            </param>
          </params>
          <reporter-output>
          </reporter-output>
        </test-method> <!-- driverQuit -->
        <test-method is-config="true" signature="initialiseBrowser(java.lang.String)[pri:0, instance:testScript.HomeTest@4802796d]" started-at="2025-04-01T12:13:00 IST" name="initialiseBrowser" finished-at="2025-04-01T12:13:03 IST" duration-ms="2907" status="PASS">
          <params>
            <param index="0">
              <value>
                <![CDATA[chrome]]>
              </value>
            </param>
          </params>
          <reporter-output>
          </reporter-output>
        </test-method> <!-- initialiseBrowser -->
        <test-method signature="verifyUserIsAbleToClickLogoutButton()[pri:0, instance:testScript.HomeTest@4802796d]" started-at="2025-04-01T12:13:03 IST" name="verifyUserIsAbleToClickLogoutButton" finished-at="2025-04-01T12:13:05 IST" duration-ms="1974" status="PASS">
          <reporter-output>
          </reporter-output>
        </test-method> <!-- verifyUserIsAbleToClickLogoutButton -->
        <test-method is-config="true" signature="driverQuit(org.testng.ITestResult)[pri:0, instance:testScript.HomeTest@4802796d]" started-at="2025-04-01T12:13:05 IST" name="driverQuit" finished-at="2025-04-01T12:13:05 IST" duration-ms="2" status="PASS">
          <params>
            <param index="0">
              <value>
                <![CDATA[[TestResult name=verifyUserIsAbleToClickLogoutButton status=SUCCESS method=HomeTest.verifyUserIsAbleToClickLogoutButton()[pri:0, instance:testScript.HomeTest@4802796d] output={null}]]]>
              </value>
            </param>
          </params>
          <reporter-output>
          </reporter-output>
        </test-method> <!-- driverQuit -->
      </class> <!-- testScript.HomeTest -->
    </test> <!-- Test1 -->
  </suite> <!-- Parallel Testing -->
</testng-results>
