<?xml version="1.0" encoding="UTF-8"?>
<!-- Generated by org.testng.reporters.JUnitXMLReporter -->
<testsuite ignored="2" hostname="REHNA_NAZEER" failures="0" tests="0" time="0.014" errors="0" timestamp="2025-04-01T12:12:54 IST">
  <testcase classname="testScript.SubCategoryTest" name="verifyUserIsAbleToAddCategoryFromDropdownOnSubCategory" time="0.0">
    <ignored/>
  </testcase> <!-- verifyUserIsAbleToAddCategoryFromDropdownOnSubCategory -->
  <testcase classname="testScript.SubCategoryTest" name="verifyUserIsAbleToClickSubCategory" time="0.0">
    <ignored/>
  </testcase> <!-- verifyUserIsAbleToClickSubCategory -->
</testsuite>
